UPDATED PROFILE: {"status": "WFH", "fName": "Anthony", "lName": "Nguyen", "email": "anthony@email.com", "comment": "a", "lastmod": "30/08/2021, 15:37:44"}
UPDATED PROFILE: {"status": "WFH", "fName": "Anthony", "lName": "Nguyen", "email": "anthony@email.com", "comment": "a", "lastmod": "30/08/2021, 15:38:02"}
UPDATED PROFILE: {"status": "IN", "fName": "Anthony", "lName": "Nguyen", "email": "anthony@email.com", "comment": "a", "lastmod": "30/08/2021, 15:39:52"}
UPDATED PROFILE: {"status": "IN", "fName": "Anthony", "lName": "Nguyen", "email": "anthony@email.com", "comment": "a", "lastmod": "30/08/2021, 15:47:15"}
UPDATED PROFILE: {"status": "OUT", "fName": "Anthony", "lName": "Nguyen", "email": "anthony@email.com", "comment": "a", "lastmod": "30/08/2021, 15:49:10"}
UPDATED PROFILE: {"status": "IN", "fName": "Anthony", "lName": "Nguyen", "email": "anthony@email.com", "comment": "a", "lastmod": "30/08/2021, 15:49:34"}
CREATED PROFILE: {"status": "OUT", "fName": "Jane", "lName": "Doe", "email": "jane.doe@email.com", "lastmod": "30/08/2021, 16:17:01"}
DELETED PROFILE: {"email": "jane.doe@email.com", "fName": "Jane", "lName": "Doe", "lastmod": "30/08/2021, 16:17:01", "status": "OUT"}
UPDATED PROFILE: {"status": "IN", "fName": "Anthony", "lName": "Nguyen", "email": "anthony@email.com", "comment": "a", "lastmod": "30/08/2021, 16:51:24"}
CREATED PROFILE: {"status": "OUT", "fName": "Test 1", "lName": "Test", "email": "Test@gmail", "lastmod": "30/08/2021, 17:17:11"}
CREATED PROFILE: {"status": "OUT", "fName": "Test 1", "lName": "Test", "email": "Test@gmail", "lastmod": "30/08/2021, 17:17:43"}
CREATED PROFILE: {"status": "OUT", "fName": "Test 1", "lName": "Test", "email": "Test@gmail", "lastmod": "30/08/2021, 17:17:46"}
CREATED PROFILE: {"status": "OUT", "fName": "Test 1", "lName": "Test", "email": "Test@gmail", "lastmod": "30/08/2021, 17:17:48"}
CREATED PROFILE: {"status": "OUT", "fName": "Test 1", "lName": "Test", "email": "Test@gmail", "lastmod": "30/08/2021, 17:17:49"}
CREATED PROFILE: {"status": "OUT", "fName": "Test 1", "lName": "Test", "email": "Test@gmail", "lastmod": "30/08/2021, 17:17:52"}
CREATED PROFILE: {"status": "OUT", "fName": "Harry", "lName": "Davis", "email": "harry.davis3003@gmail.com", "lastmod": "30/08/2021, 17:41:00"}
CREATED PROFILE: {"status": "OUT", "fName": "Harry", "lName": "Davis", "email": "harry.davis3003@gmail.com", "lastmod": "30/08/2021, 17:41:02"}
CREATED PROFILE: {"status": "OUT", "fName": "Harry", "lName": "Davis", "email": "harry.davis3003@gmail.com", "lastmod": "30/08/2021, 17:41:03"}
CREATED PROFILE: {"status": "OUT", "fName": "", "lName": "", "email": "", "lastmod": "30/08/2021, 18:11:11"}
UPDATED PROFILE: {"status": "OUT", "fName": "Test 1", "lName": "Test", "email": "Test@gmail", "comment": "", "lastmod": "30/08/2021, 18:20:29"}
UPDATED PROFILE: {"status": "OUT", "fName": "Test 1", "lName": "Test", "email": "Test@gmail", "comment": "", "lastmod": "30/08/2021, 18:21:03"}
UPDATED PROFILE: {"status": "OUT", "fName": "Test 1", "lName": "Test", "email": "Test@gmail", "comment": "", "lastmod": "30/08/2021, 18:21:46"}
UPDATED PROFILE: {"status": "OUT", "fName": "Test 1", "lName": "Test", "email": "Test@gmail", "comment": "", "lastmod": "30/08/2021, 18:21:55"}
UPDATED PROFILE: {"status": "OUT", "fName": "Test 1", "lName": "Test", "email": "Test@gmail", "comment": "", "lastmod": "30/08/2021, 18:23:36"}
UPDATED PROFILE: {"status": "OUT", "fName": "Test 1", "lName": "Test", "email": "Test@gmail", "comment": "", "lastmod": "30/08/2021, 18:23:48"}
UPDATED PROFILE: {"status": "OUT", "fName": "Test 1", "lName": "Test", "email": "Test@gmail", "comment": "", "lastmod": "30/08/2021, 18:24:44"}
UPDATED PROFILE: {"status": "OUT", "fName": "Test 1", "lName": "Test", "email": "Test@gmail", "comment": "", "lastmod": "30/08/2021, 18:24:50"}
UPDATED PROFILE: {"status": "OUT", "fName": "Test 1", "lName": "Test", "email": "Test@gmail", "comment": "", "lastmod": "30/08/2021, 18:25:02"}
UPDATED PROFILE: {"status": "OUT", "fName": "Test 1", "lName": "Test", "email": "Test@gmail", "comment": "", "lastmod": "30/08/2021, 18:25:42"}
UPDATED PROFILE: {"status": "OUT", "fName": "Test 1", "lName": "Test", "email": "Test@gmail", "comment": "", "lastmod": "30/08/2021, 18:26:48"}
UPDATED PROFILE: {"status": "OUT", "fName": "Test 1", "lName": "Test", "email": "Test@gmail", "comment": "", "lastmod": "30/08/2021, 18:27:21"}
UPDATED PROFILE: {"status": "OUT", "fName": "Test 1", "lName": "Test", "email": "Test@gmail", "comment": "", "lastmod": "30/08/2021, 18:27:38"}
UPDATED PROFILE: {"status": "OUT", "fName": "Test 1", "lName": "Test", "email": "Test@gmail", "comment": "", "lastmod": "30/08/2021, 18:28:11"}
DELETED PROFILE: {"email": "", "fName": "", "lName": "", "lastmod": "30/08/2021, 18:11:11", "status": "OUT"}
UPDATED PROFILE: {"comment": "haha", "email": "anthony@email.com", "fName": "Anthony", "lName": "Nguyen", "lastmod": "30/08/2021, 19:30:42", "status": "WFH"}
UPDATED PROFILE: {"status": "OUT", "fName": "Test 1", "lName": "Test", "email": "Test@gmail", "comment": "", "lastmod": "30/08/2021, 19:32:57"}
DELETED PROFILE: {"comment": "", "email": "Test@gmail", "fName": "Test 1", "lName": "Test", "lastmod": "30/08/2021, 19:32:57", "status": "OUT"}
CREATED PROFILE: {"status": "OUT", "fName": "Jane", "lName": "DB", "email": "jane.doe@db.com", "lastmod": "24/11/2021, 17:42:51"}
CREATED PROFILE: {"status": "OUT", "fName": "", "lName": "", "email": "", "lastmod": "24/11/2021, 17:43:49"}
CREATED PROFILE: {"status": "OUT", "fName": "JANE", "lName": "DB", "email": "jane.db@gmail.com", "lastmod": "24/11/2021, 17:44:55"}
CREATED PROFILE: {"status": "OUT", "fName": "JANE", "lName": "DB", "email": "jane.db@gmail.com", "lastmod": "24/11/2021, 17:46:11"}
CREATED PROFILE: {"status": "OUT", "fName": "jane", "lName": "db", "email": "jane.db@gmail.com", "lastmod": "24/11/2021, 17:48:18"}
CREATED PROFILE: {"status": "OUT", "fName": "jane", "lName": "db", "email": "jane@email.com", "lastmod": "24/11/2021, 17:48:54"}
CREATED PROFILE: {"status": "OUT", "fName": "jane", "lName": "db", "email": "jane@email.com", "lastmod": "24/11/2021, 17:55:05"}
DELETED PROFILE: {"email": "jane@email.com", "fName": "jane", "lName": "db", "lastmod": "24/11/2021, 17:55:05", "status": "OUT"}
CREATED PROFILE: {"status": "OUT", "fName": "Harry", "lName": "Test", "email": "harry.test@gmail.com", "lastmod": "24/11/2021, 18:06:46"}
UPDATED PROFILE: {"status": "OUT", "fName": "Harry", "lName": "Test2", "email": "harry.test@gmail.com", "comment": "", "lastmod": "24/11/2021, 18:07:05"}
UPDATED PROFILE: {"status": "OUT", "fName": "Harry", "lName": "Test2", "email": "harry.test@gmail.com", "comment": "", "lastmod": "24/11/2021, 18:08:58"}
UPDATED PROFILE: {"status": "OUT", "fName": "Harry", "lName": "Test2", "email": "harry.test@gmail.com", "comment": "", "lastmod": "24/11/2021, 18:10:50"}
UPDATED PROFILE: {"status": "OUT", "fName": "Harry", "lName": "Test2", "email": "harry.test@gmail.com", "comment": "-", "lastmod": "24/11/2021, 18:11:10"}
UPDATED PROFILE: {"status": "OUT", "fName": "Harry", "lName": "Test3", "email": "harry.test@gmail.com", "comment": "-", "lastmod": "24/11/2021, 18:12:14"}
UPDATED PROFILE: {"status": "OUT", "fName": "Harry", "lName": "Test3", "email": "harry.test@gmail.com", "comment": "-", "lastmod": "24/11/2021, 18:14:08"}
UPDATED PROFILE: {"status": "OUT", "fName": "Harry", "lName": "Test3", "email": "harry.test@gmail.com", "comment": "-", "lastmod": "24/11/2021, 18:14:19"}
UPDATED PROFILE: {"status": "OUT", "fName": "Harry", "lName": "Test3", "email": "harry.test@gmail.com", "comment": "-", "lastmod": "24/11/2021, 18:15:59"}
UPDATED PROFILE: {"status": "OUT", "fName": "Harry", "lName": "Test3", "email": "harry.test@gmail.com", "comment": "-", "lastmod": "24/11/2021, 18:16:34"}
UPDATED PROFILE: {"status": "OUT", "fName": "Harry", "lName": "Test3", "email": "harry.test@gmail.com", "comment": "-", "lastmod": "24/11/2021, 18:17:05"}
UPDATED PROFILE: {"status": "OUT", "fName": "Harry", "lName": "Test5", "email": "harry.test@gmail.com", "comment": "-", "lastmod": "24/11/2021, 18:17:15"}
